\BOOKMARK [0][-]{1.0}{Bash Prompt HOWTO}{}% 1
\BOOKMARK [0][-]{2.0}{Table of Contents}{}% 2
\BOOKMARK [0][-]{3.0}{Chapter 1. Introduction and Administrivia}{}% 3
\BOOKMARK [1][-]{3.1.1}{1.1. Introduction}{3.0}% 4
\BOOKMARK [1][-]{3.2.1}{1.2. Revision History}{3.0}% 5
\BOOKMARK [1][-]{3.3.1}{1.3. Requirements}{3.0}% 6
\BOOKMARK [1][-]{3.4.1}{1.4. How To Use This Document}{3.0}% 7
\BOOKMARK [1][-]{3.5.1}{1.5. Document Versions, Comments and Suggestions}{3.0}% 8
\BOOKMARK [1][-]{3.6.1}{1.6. Problems}{3.0}% 9
\BOOKMARK [1][-]{3.7.1}{1.7. Credits/Bibliography}{3.0}% 10
\BOOKMARK [1][-]{3.8.1}{1.8. Disclaimer}{3.0}% 11
\BOOKMARK [0][-]{4.0}{Chapter 2. Bash and Bash Prompts}{}% 12
\BOOKMARK [1][-]{4.9.1}{2.1. What is Bash?}{4.0}% 13
\BOOKMARK [1][-]{4.10.1}{2.2. What Can Tweaking Your Bash Prompt Do For You?}{4.0}% 14
\BOOKMARK [1][-]{4.11.1}{2.3. Why Bother?}{4.0}% 15
\BOOKMARK [1][-]{4.12.1}{2.4. The First Step}{4.0}% 16
\BOOKMARK [1][-]{4.13.1}{2.5. Bash Prompt Escape Sequences}{4.0}% 17
\BOOKMARK [1][-]{4.14.1}{2.6. Setting the PS? Strings Permanently}{4.0}% 18
\BOOKMARK [0][-]{5.0}{Chapter 3. Bash Programming and Shell Scripts}{}% 19
\BOOKMARK [1][-]{5.15.1}{3.1. Variables}{5.0}% 20
\BOOKMARK [1][-]{5.16.1}{3.2. Quotes and Special Characters}{5.0}% 21
\BOOKMARK [1][-]{5.17.1}{3.3. Command Substitution}{5.0}% 22
\BOOKMARK [1][-]{5.18.1}{3.4. NonPrinting Characters in Prompts}{5.0}% 23
\BOOKMARK [1][-]{5.19.1}{3.5. Sourcing a File}{5.0}% 24
\BOOKMARK [1][-]{5.20.1}{3.6. Functions, Aliases, and the Environment}{5.0}% 25
\BOOKMARK [0][-]{6.0}{Chapter 4. External Commands}{}% 26
\BOOKMARK [1][-]{6.21.1}{4.1. PROMPTCOMMAND}{6.0}% 27
\BOOKMARK [1][-]{6.22.1}{4.2. External Commands in the Prompt}{6.0}% 28
\BOOKMARK [1][-]{6.23.1}{4.3. What to Put in Your Prompt}{6.0}% 29
\BOOKMARK [0][-]{7.0}{Chapter 5. Saving Complex Prompts}{}% 30
\BOOKMARK [0][-]{8.0}{Chapter 6. ANSI Escape Sequences: Colours and Cursor Movement}{}% 31
\BOOKMARK [1][-]{8.24.1}{6.1. Colours}{8.0}% 32
\BOOKMARK [1][-]{8.25.1}{6.2. Cursor Movement}{8.0}% 33
\BOOKMARK [1][-]{8.26.1}{6.3. Xterm Title Bar Manipulations}{8.0}% 34
\BOOKMARK [1][-]{8.27.1}{6.4. Xterm Title Bars and Screen}{8.0}% 35
\BOOKMARK [1][-]{8.28.1}{6.5. Colours and Cursor Movement With tput}{8.0}% 36
\BOOKMARK [2][-]{8.28.0.1.3}{tput Colour Capabilities}{8.28.1}% 37
\BOOKMARK [3][-]{8.28.0.2.3}{tput Text Mode Capabilities}{8.28.0.1.3}% 38
\BOOKMARK [3][-]{8.28.0.3.3}{tput Cursor Movement Capabilities}{8.28.0.1.3}% 39
\BOOKMARK [3][-]{8.28.0.4.3}{tput Clear and Insert Capabilities}{8.28.0.1.3}% 40
\BOOKMARK [0][-]{9.0}{Chapter 7. Special Characters: Octal Escape Sequences}{}% 41
\BOOKMARK [0][-]{10.0}{Chapter 8. The Bash Prompt Package}{}% 42
\BOOKMARK [1][-]{10.29.1}{8.1. Availability}{10.0}% 43
\BOOKMARK [1][-]{10.30.1}{8.2. Xterm Fonts}{10.0}% 44
\BOOKMARK [1][-]{10.31.1}{8.3. Changing the Xterm Font}{10.0}% 45
\BOOKMARK [1][-]{10.32.1}{8.4. Line Draw Characters without VGA Fonts}{10.0}% 46
\BOOKMARK [0][-]{11.0}{Chapter 9. Loading a Different Prompt}{}% 47
\BOOKMARK [1][-]{11.33.1}{9.1. Loading a Different Prompt, Later}{11.0}% 48
\BOOKMARK [1][-]{11.34.1}{9.2. Loading a Different Prompt, Immediately}{11.0}% 49
\BOOKMARK [1][-]{11.35.1}{9.3. Loading Different Prompts in Different X Terms}{11.0}% 50
\BOOKMARK [0][-]{12.0}{Chapter 10. Loading Prompt Colours Dynamically}{}% 51
\BOOKMARK [1][-]{12.36.1}{10.1. A "Proof of Concept" Example}{12.0}% 52
\BOOKMARK [0][-]{13.0}{Chapter 11. Prompt Code Snippets}{}% 53
\BOOKMARK [1][-]{13.37.1}{11.1. Builtin Escape Sequences}{13.0}% 54
\BOOKMARK [1][-]{13.38.1}{11.2. Date and Time}{13.0}% 55
\BOOKMARK [1][-]{13.39.1}{11.3. Counting Files in the Current Directory}{13.0}% 56
\BOOKMARK [1][-]{13.40.1}{11.4. Total Bytes in the Current Directory}{13.0}% 57
\BOOKMARK [1][-]{13.41.1}{11.5. Checking the Current TTY}{13.0}% 58
\BOOKMARK [1][-]{13.42.1}{11.6. Stopped Jobs Count}{13.0}% 59
\BOOKMARK [1][-]{13.43.1}{11.7. Load}{13.0}% 60
\BOOKMARK [1][-]{13.44.1}{11.8. Uptime}{13.0}% 61
\BOOKMARK [1][-]{13.45.1}{11.9. Number of Processes}{13.0}% 62
\BOOKMARK [1][-]{13.46.1}{11.10. Controlling the Size and Appearance of }{13.0}% 63
\BOOKMARK [1][-]{13.47.1}{11.11. Laptop Power}{13.0}% 64
\BOOKMARK [1][-]{13.48.1}{11.12. Having the Prompt Ignored on Cut and Paste}{13.0}% 65
\BOOKMARK [1][-]{13.49.1}{11.13. New Mail}{13.0}% 66
\BOOKMARK [1][-]{13.50.1}{11.14. Prompt Beeps After LongRunning Commands}{13.0}% 67
\BOOKMARK [0][-]{14.0}{Chapter 12. Example Prompts}{}% 68
\BOOKMARK [1][-]{14.51.1}{12.1. Examples on the Web}{14.0}% 69
\BOOKMARK [1][-]{14.52.1}{12.2. A "Lightweight" Prompt}{14.0}% 70
\BOOKMARK [1][-]{14.53.1}{12.3. Dan's Prompt}{14.0}% 71
\BOOKMARK [1][-]{14.54.1}{12.4. Elite from Bashprompt Themes}{14.0}% 72
\BOOKMARK [1][-]{14.55.1}{12.5. A "Power User" Prompt}{14.0}% 73
\BOOKMARK [1][-]{14.56.1}{12.6. Prompt Depending on Connection Type}{14.0}% 74
\BOOKMARK [1][-]{14.57.1}{12.7. A Prompt the Width of Your Term}{14.0}% 75
\BOOKMARK [1][-]{14.58.1}{12.8. The Floating Clock Prompt}{14.0}% 76
\BOOKMARK [1][-]{14.59.1}{12.9. The Elegant Useless Clock Prompt}{14.0}% 77
\BOOKMARK [0][-]{15.0}{Appendix A. GNU Free Documentation License}{}% 78
\BOOKMARK [1][-]{15.60.1}{0. PREAMBLE}{15.0}% 79
\BOOKMARK [1][-]{15.61.1}{1. APPLICABILITY AND DEFINITIONS}{15.0}% 80
\BOOKMARK [1][-]{15.62.1}{2. VERBATIM COPYING}{15.0}% 81
\BOOKMARK [1][-]{15.63.1}{3. COPYING IN QUANTITY}{15.0}% 82
\BOOKMARK [1][-]{15.64.1}{4. MODIFICATIONS}{15.0}% 83
\BOOKMARK [1][-]{15.65.1}{5. COMBINING DOCUMENTS}{15.0}% 84
\BOOKMARK [1][-]{15.66.1}{6. COLLECTIONS OF DOCUMENTS}{15.0}% 85
\BOOKMARK [1][-]{15.67.1}{7. AGGREGATION WITH INDEPENDENT WORKS}{15.0}% 86
\BOOKMARK [1][-]{15.68.1}{8. TRANSLATION}{15.0}% 87
\BOOKMARK [1][-]{15.69.1}{9. TERMINATION}{15.0}% 88
\BOOKMARK [1][-]{15.70.1}{10. FUTURE REVISIONS OF THIS LICENSE}{15.0}% 89
\BOOKMARK [1][-]{15.71.1}{How to use this License for your documents}{15.0}% 90
