This is pdfTeX, Version 3.14159265-2.6-1.40.18 (TeX Live 2017/Debian) (preloaded format=pdfjadetex 2020.8.15)  23 AUG 2020 09:58
entering extended mode
 restricted \write18 enabled.
 %&-line parsing enabled.
**Bash-Prompt-HOWTO.tex
(./Bash-Prompt-HOWTO.tex
JadeTeX 2003/04/27: 3.13
LaTeX Font Info:    Try loading font information for T1+ptm on input line 1.
(/usr/share/texlive/texmf-dist/tex/latex/psnfss/t1ptm.fd
File: t1ptm.fd 2001/06/04 font definitions for T1/ptm.
)
Elements will be labelled
Jade begin document sequence at 20
No file Bash-Prompt-HOWTO.aux.
\openout1 = `Bash-Prompt-HOWTO.aux'.

LaTeX Font Info:    Checking defaults for OML/cmm/m/it on input line 20.
LaTeX Font Info:    ... okay on input line 20.
LaTeX Font Info:    Checking defaults for T1/cmr/m/n on input line 20.
LaTeX Font Info:    ... okay on input line 20.
LaTeX Font Info:    Checking defaults for OT1/cmr/m/n on input line 20.
LaTeX Font Info:    ... okay on input line 20.
LaTeX Font Info:    Checking defaults for OMS/cmsy/m/n on input line 20.
LaTeX Font Info:    ... okay on input line 20.
LaTeX Font Info:    Checking defaults for OMX/cmex/m/n on input line 20.
LaTeX Font Info:    ... okay on input line 20.
LaTeX Font Info:    Checking defaults for U/cmr/m/n on input line 20.
LaTeX Font Info:    ... okay on input line 20.
LaTeX Font Info:    Checking defaults for PD1/pdf/m/n on input line 20.
LaTeX Font Info:    ... okay on input line 20.
LaTeX Font Info:    Checking defaults for T3/ptm/m/n on input line 20.
LaTeX Font Info:    Try loading font information for T3+ptm on input line 20.
(/usr/share/texmf/tex/latex/tipa/t3ptm.fd
File: t3ptm.fd 2001/12/31 TIPA font definitions
)
LaTeX Font Info:    ... okay on input line 20.
LaTeX Font Info:    Checking defaults for TS1/cmr/m/n on input line 20.
LaTeX Font Info:    Try loading font information for TS1+cmr on input line 20.

(/usr/share/texlive/texmf-dist/tex/latex/base/ts1cmr.fd
File: ts1cmr.fd 2014/09/29 v2.5h Standard LaTeX font definitions
)
LaTeX Font Info:    ... okay on input line 20.
LaTeX Font Info:    Checking defaults for LECO/omseco/m/n on input line 20.
LaTeX Font Info:    ... okay on input line 20.
LaTeX Font Info:    Checking defaults for LECX/omsecx/m/n on input line 20.
LaTeX Font Info:    ... okay on input line 20.
LaTeX Font Info:    Checking defaults for LECY/omsecy/m/n on input line 20.
LaTeX Font Info:    ... okay on input line 20.
LaTeX Font Info:    Checking defaults for LEGR/omsegr/m/n on input line 20.
LaTeX Font Info:    ... okay on input line 20.
LaTeX Font Info:    Checking defaults for LEHA/omseha/m/n on input line 20.
LaTeX Font Info:    ... okay on input line 20.
LaTeX Font Info:    Checking defaults for LEIP/omseip/m/n on input line 20.
LaTeX Font Info:    ... okay on input line 20.
LaTeX Font Info:    Checking defaults for LELA/omsela/m/n on input line 20.
LaTeX Font Info:    ... okay on input line 20.
LaTeX Font Info:    Checking defaults for LETI/omseti/m/n on input line 20.
LaTeX Font Info:    ... okay on input line 20.

(/usr/share/texlive/texmf-dist/tex/context/base/mkii/supp-pdf.mkii
[Loading MPS to PDF converter (version 2006.09.02).]
\scratchcounter=\count120
\scratchdimen=\dimen135
\scratchbox=\box62
\nofMPsegments=\count121
\nofMParguments=\count122
\everyMPshowfont=\toks23
\MPscratchCnt=\count123
\MPscratchDim=\dimen136
\MPnumerator=\count124
\makeMPintoPDFobject=\count125
\everyMPtoPDFconversion=\toks24
) (/usr/share/texlive/texmf-dist/tex/latex/oberdiek/epstopdf-base.sty
Package: epstopdf-base 2016/05/15 v2.6 Base part for package epstopdf

(/usr/share/texlive/texmf-dist/tex/latex/oberdiek/grfext.sty
Package: grfext 2016/05/16 v1.2 Manage graphics extensions (HO)
)
Package epstopdf-base Info: Redefining graphics rule for `.eps' on input line 4
38.
Package grfext Info: Graphics extension search list:
(grfext)             [.pdf,.png,.jpg,.mps,.jpeg,.jbig2,.jb2,.PDF,.PNG,.JPG,.JPE
G,.JBIG2,.JB2,.eps]
(grfext)             \AppendGraphicsExtensions on input line 456.

(/usr/share/texlive/texmf-dist/tex/latex/latexconfig/epstopdf-sys.cfg
File: epstopdf-sys.cfg 2010/07/13 v1.3 Configuration of (r)epstopdf for TeX Liv
e
))
\AtBeginShipoutBox=\box63
Package hyperref Info: Link coloring ON on input line 20.

(/usr/share/texlive/texmf-dist/tex/latex/hyperref/nameref.sty
Package: nameref 2016/05/21 v2.44 Cross-referencing by name of section

(/usr/share/texlive/texmf-dist/tex/generic/oberdiek/gettitlestring.sty
Package: gettitlestring 2016/05/16 v1.5 Cleanup title references (HO)
)
\c@section@level=\count126
)
LaTeX Info: Redefining \ref on input line 20.
LaTeX Info: Redefining \pageref on input line 20.
LaTeX Info: Redefining \nameref on input line 20.
\@outlinefile=\write3
\openout3 = `Bash-Prompt-HOWTO.out'.

LaTeX Font Info:    Try loading font information for T1+phv on input line 100.

(/usr/share/texlive/texmf-dist/tex/latex/psnfss/t1phv.fd
File: t1phv.fd 2001/06/04 scalable font definitions for T1/phv.
)
LaTeX Font Info:    Font shape `T1/phv/bx/n' in size <24.883> not available
(Font)              Font shape `T1/phv/b/n' tried instead on input line 100.
LaTeX Font Info:    Font shape `T1/phv/bx/n' in size <20.736> not available
(Font)              Font shape `T1/phv/b/n' tried instead on input line 117.
LaTeX Font Info:    Font shape `T1/phv/bx/n' in size <17.28> not available
(Font)              Font shape `T1/phv/b/n' tried instead on input line 138.
 [1.0.17{/var/lib/texmf/fonts/map/pdftex/updmap/pdftex.map}]
LaTeX Font Info:    Font shape `T1/phv/bx/n' in size <10> not available
(Font)              Font shape `T1/phv/b/n' tried instead on input line 150.
LaTeX Font Info:    Try loading font information for TS1+ptm on input line 171.


(/usr/share/texlive/texmf-dist/tex/latex/psnfss/ts1ptm.fd
File: ts1ptm.fd 2001/06/04 font definitions for TS1/ptm.
) [2.0.17]

Package Fancyhdr Warning: \fancyfoot's `E' option without twoside option is use
less on input line 327.

LaTeX Font Info:    Font shape `T1/ptm/bx/n' in size <10> not available
(Font)              Font shape `T1/ptm/b/n' tried instead on input line 366.

LaTeX Warning: Reference `0:22' on page iii undefined on input line 384.


LaTeX Warning: Reference `0:24' on page iii undefined on input line 410.


LaTeX Warning: Reference `0:29' on page iii undefined on input line 435.


LaTeX Warning: Reference `0:70' on page iii undefined on input line 460.


LaTeX Warning: Reference `0:76' on page iii undefined on input line 485.


LaTeX Warning: Reference `0:79' on page iii undefined on input line 510.


LaTeX Warning: Reference `0:88' on page iii undefined on input line 535.


LaTeX Warning: Reference `0:119' on page iii undefined on input line 560.


LaTeX Warning: Reference `0:137' on page iii undefined on input line 585.


LaTeX Warning: Reference `0:140' on page iii undefined on input line 619.


LaTeX Warning: Reference `0:142' on page iii undefined on input line 645.


LaTeX Warning: Reference `0:148' on page iii undefined on input line 670.


LaTeX Warning: Reference `0:151' on page iii undefined on input line 695.


LaTeX Warning: Reference `0:156' on page iii undefined on input line 720.


LaTeX Warning: Reference `0:BASH-PROMPT-ESCAPE-SEQUENCES' on page iii undefined
 on input line 745.


LaTeX Warning: Reference `0:SETPS' on page iii undefined on input line 770.


LaTeX Warning: Reference `0:188' on page iii undefined on input line 804.


LaTeX Warning: Reference `0:190' on page iii undefined on input line 830.


LaTeX Warning: Reference `0:205' on page iii undefined on input line 855.


LaTeX Warning: Reference `0:218' on page iii undefined on input line 880.


LaTeX Warning: Reference `0:NONPRINTINGCHARS' on page iii undefined on input li
ne 905.


LaTeX Warning: Reference `0:236' on page iii undefined on input line 930.


LaTeX Warning: Reference `0:245' on page iii undefined on input line 955.


LaTeX Warning: Reference `0:261' on page iii undefined on input line 989.


LaTeX Warning: Reference `0:263' on page iii undefined on input line 1015.


LaTeX Warning: Reference `0:278' on page iii undefined on input line 1040.


LaTeX Warning: Reference `0:294' on page iii undefined on input line 1065.


LaTeX Warning: Reference `0:SAVING-COMPLEX-PROMPTS' on page iii undefined on in
put line 1099.


LaTeX Warning: Reference `0:326' on page iii undefined on input line 1133.


LaTeX Warning: Reference `0:328' on page iii undefined on input line 1159.


LaTeX Warning: Reference `0:360' on page iii undefined on input line 1184.


LaTeX Warning: Reference `0:XTERM-TITLE-BAR-MANIPULATIONS' on page iii undefine
d on input line 1209.


LaTeX Warning: Reference `0:394' on page iii undefined on input line 1234.


LaTeX Warning: Reference `0:404' on page iii undefined on input line 1264.


LaTeX Warning: Reference `0:582' on page iii undefined on input line 1298.


LaTeX Warning: Reference `0:THE-BASH-PROMPT-PACKAGE' on page iii undefined on i
nput line 1332.


LaTeX Warning: Reference `0:591' on page iii undefined on input line 1358.


LaTeX Warning: Reference `0:597' on page iii undefined on input line 1383.


LaTeX Warning: Reference `0:605' on page iii undefined on input line 1408.


LaTeX Warning: Reference `0:621' on page iii undefined on input line 1433.


LaTeX Warning: Reference `0:640' on page iii undefined on input line 1467.


LaTeX Warning: Reference `0:642' on page iii undefined on input line 1493.


LaTeX Warning: Reference `0:654' on page iii undefined on input line 1518.


LaTeX Warning: Reference `0:663' on page iii undefined on input line 1543.


Package Fancyhdr Warning: \fancyfoot's `E' option without twoside option is use
less on input line 1559.

[3.0.17

]

LaTeX Warning: Reference `0:669' on page iv undefined on input line 1577.


LaTeX Warning: Reference `0:671' on page iv undefined on input line 1603.


LaTeX Warning: Reference `0:678' on page iv undefined on input line 1637.


LaTeX Warning: Reference `0:685' on page iv undefined on input line 1663.


LaTeX Warning: Reference `0:689' on page iv undefined on input line 1688.


LaTeX Warning: Reference `0:699' on page iv undefined on input line 1713.


LaTeX Warning: Reference `0:710' on page iv undefined on input line 1738.


LaTeX Warning: Reference `0:720' on page iv undefined on input line 1763.


LaTeX Warning: Reference `0:732' on page iv undefined on input line 1788.


LaTeX Warning: Reference `0:745' on page iv undefined on input line 1813.


LaTeX Warning: Reference `0:757' on page iv undefined on input line 1838.


LaTeX Warning: Reference `0:770' on page iv undefined on input line 1863.


LaTeX Warning: Reference `0:782' on page iv undefined on input line 1888.


LaTeX Warning: Reference `0:793' on page iv undefined on input line 1913.


LaTeX Warning: Reference `0:798' on page iv undefined on input line 1938.


LaTeX Warning: Reference `0:805' on page iv undefined on input line 1963.


LaTeX Warning: Reference `0:809' on page iv undefined on input line 1988.


LaTeX Warning: Reference `0:815' on page iv undefined on input line 2022.


LaTeX Warning: Reference `0:817' on page iv undefined on input line 2048.


LaTeX Warning: Reference `0:821' on page iv undefined on input line 2073.


LaTeX Warning: Reference `0:831' on page iv undefined on input line 2098.


LaTeX Warning: Reference `0:842' on page iv undefined on input line 2123.


LaTeX Warning: Reference `0:853' on page iv undefined on input line 2148.


LaTeX Warning: Reference `0:858' on page iv undefined on input line 2173.


LaTeX Warning: Reference `0:862' on page iv undefined on input line 2198.


LaTeX Warning: Reference `0:CLOCKT' on page iv undefined on input line 2223.


LaTeX Warning: Reference `0:THE-ELEGANT-USELESS-CLOCK-PROMPT' on page iv undefi
ned on input line 2248.


LaTeX Warning: Reference `0:GFDL' on page iv undefined on input line 2282.


LaTeX Warning: Reference `0:896' on page iv undefined on input line 2308.


LaTeX Warning: Reference `0:901' on page iv undefined on input line 2333.


LaTeX Warning: Reference `0:911' on page iv undefined on input line 2358.


LaTeX Warning: Reference `0:915' on page iv undefined on input line 2383.


LaTeX Warning: Reference `0:921' on page iv undefined on input line 2408.


LaTeX Warning: Reference `0:957' on page iv undefined on input line 2433.


LaTeX Warning: Reference `0:962' on page iv undefined on input line 2458.


LaTeX Warning: Reference `0:966' on page iv undefined on input line 2483.


LaTeX Warning: Reference `0:970' on page iv undefined on input line 2508.


LaTeX Warning: Reference `0:973' on page iv undefined on input line 2533.


LaTeX Warning: Reference `0:976' on page iv undefined on input line 2558.


LaTeX Warning: Reference `0:981' on page iv undefined on input line 2581.

[4.0.17]

Package Fancyhdr Warning: \fancyfoot's `E' option without twoside option is use
less on input line 2672.


Package Fancyhdr Warning: \fancyhead's `E' option without twoside option is use
less on input line 2672.

LaTeX Font Info:    Font shape `T1/phv/bx/it' in size <17.28> not available
(Font)              Font shape `T1/phv/b/it' tried instead on input line 2716.
LaTeX Font Info:    Font shape `T1/phv/b/it' in size <17.28> not available
(Font)              Font shape `T1/phv/b/sl' tried instead on input line 2716.
LaTeX Font Info:    Try loading font information for T1+pcr on input line 3272.

(/usr/share/texlive/texmf-dist/tex/latex/psnfss/t1pcr.fd
File: t1pcr.fd 2001/06/04 font definitions for T1/pcr.
)
LaTeX Font Info:    Font shape `T1/pcr/bx/n' in size <9> not available
(Font)              Font shape `T1/pcr/b/n' tried instead on input line 3272.


Package Fancyhdr Warning: \fancyfoot's `E' option without twoside option is use
less on input line 3278.

pdfTeX warning (ext4): destination with the same identifier (name{page.1}) has 
been already used, duplicate ignored
<to be read again> 
                   \relax 
l.3278 \endPar{}
                \endNode{}\Node% [1.0.17

]pdfTeX warning (ext4): destination with the same identifier (name{page.2}) has
 been already used, duplicate ignored
<to be read again> 
                   \relax 
l.3565 \endPar{}
                \endNode{}\Node% [2.0.17] [3.0.17] [4.0.17]

Package Fancyhdr Warning: \fancyfoot's `E' option without twoside option is use
less on input line 4182.


Package Fancyhdr Warning: \fancyhead's `E' option without twoside option is use
less on input line 4182.


Package Fancyhdr Warning: \fancyfoot's `E' option without twoside option is use
less on input line 4554.

[5.0.17

] [6.0.17]
LaTeX Font Info:    Try loading font information for U+msa on input line 4908.
 (/usr/share/texlive/texmf-dist/tex/latex/amsfonts/umsa.fd
File: umsa.fd 2013/01/14 v3.01 AMS symbols A
)
LaTeX Font Info:    Try loading font information for U+msb on input line 4908.

(/usr/share/texlive/texmf-dist/tex/latex/amsfonts/umsb.fd
File: umsb.fd 2013/01/14 v3.01 AMS symbols B
)
LaTeX Font Info:    Try loading font information for U+wasy on input line 4908.


(/usr/share/texlive/texmf-dist/tex/latex/wasysym/uwasy.fd
File: uwasy.fd 2003/10/30 v2.0 Wasy-2 symbol font definitions
)
LaTeX Font Info:    Try loading font information for U+stmry on input line 4908
.

(/usr/share/texlive/texmf-dist/tex/latex/stmaryrd/Ustmry.fd) [7.0.17] [8.0.17pd
fTeX warning (ext4): destination with the same identifier (name{0:SETPS}) has b
een already used, duplicate ignored

\AtBegShi@Output ...ipout \box \AtBeginShipoutBox 
                                                  \fi \fi 
l.5119 ...DisplayGroup{}\endNode{}\endSeq{}\endSpS
                                                  {}\endNode{}\Node%]

Package Fancyhdr Warning: \fancyfoot's `E' option without twoside option is use
less on input line 5206.


Package Fancyhdr Warning: \fancyhead's `E' option without twoside option is use
less on input line 5206.


Package Fancyhdr Warning: \fancyfoot's `E' option without twoside option is use
less on input line 5552.

[9.0.17

] [10.0.17] [11.0.17] [12.0.17pdfTeX warning (ext4): destination with the same 
identifier (name{0:245}) has been already used, duplicate ignored

\AtBegShi@Output ...ipout \box \AtBeginShipoutBox 
                                                  \fi \fi 
l.6352 {1}}
           Functions are used for more complex program structures.  As a gen...
] [13.0.17]

Package Fancyhdr Warning: \fancyfoot's `E' option without twoside option is use
less on input line 6521.


Package Fancyhdr Warning: \fancyhead's `E' option without twoside option is use
less on input line 6521.


Package hyperref Warning: Token not allowed in a PDF string (PDFDocEncoding):
(hyperref)                removing `subscript' on input line 6609.


Package Fancyhdr Warning: \fancyfoot's `E' option without twoside option is use
less on input line 6875.

[14.0.17

] [15.0.17] [16.0.17]

Package Fancyhdr Warning: \fancyfoot's `E' option without twoside option is use
less on input line 7238.


Package Fancyhdr Warning: \fancyhead's `E' option without twoside option is use
less on input line 7238.


Package Fancyhdr Warning: \fancyfoot's `E' option without twoside option is use
less on input line 7435.

[17.0.17

] [18.0.17]

Package Fancyhdr Warning: \fancyfoot's `E' option without twoside option is use
less on input line 7618.


Package Fancyhdr Warning: \fancyhead's `E' option without twoside option is use
less on input line 7618.


Package Fancyhdr Warning: \fancyfoot's `E' option without twoside option is use
less on input line 7976.

[19.0.17

]
LaTeX Font Info:    Font shape `T1/phv/bx/n' in size <9> not available
(Font)              Font shape `T1/phv/b/n' tried instead on input line 8007.
 [20.0.17] [21.0.17] [22.0.17] [23.0.17] [24.0.17]
LaTeX Font Info:    Font shape `T1/phv/bx/n' in size <12> not available
(Font)              Font shape `T1/phv/b/n' tried instead on input line 9130.


Package hyperref Warning: Difference (2) between bookmark levels is greater 
(hyperref)                than one, level fixed on input line 9136.

[25.0.17] [26.0.17] [27.0.17] [28.0.17]

Package Fancyhdr Warning: \fancyfoot's `E' option without twoside option is use
less on input line 10575.


Package Fancyhdr Warning: \fancyhead's `E' option without twoside option is use
less on input line 10575.


Overfull \hbox (13.77713pt too wide) in paragraph at lines 10676--10676
 []   \T1/pcr/m/n/9 echo -e "\033[1;34mescgen\033[0m $\OML/cmm/m/it/9 <$\T1/pcr
/m/n/9 lower_octal_value$\OML/cmm/m/it/9 >$ \T1/pcr/m/n/9 [$\OML/cmm/m/it/9 <$\
T1/pcr/m/n/9 higher_octal_value$\OML/cmm/m/it/9 >$\T1/pcr/m/n/9 ]"[] 
 []


Overfull \hbox (1.19952pt too wide) in paragraph at lines 10677--10677
 []   \T1/pcr/m/n/9 echo "   Octal escape sequence generator: print all octal e
scape sequences"[] 
 []


Package Fancyhdr Warning: \fancyfoot's `E' option without twoside option is use
less on input line 10708.

[29.0.17

] [30.0.17]

Package Fancyhdr Warning: \fancyfoot's `E' option without twoside option is use
less on input line 10849.


Package Fancyhdr Warning: \fancyhead's `E' option without twoside option is use
less on input line 10849.


Package Fancyhdr Warning: \fancyfoot's `E' option without twoside option is use
less on input line 11219.

[31.0.17

] [32.0.17]

Package Fancyhdr Warning: \fancyfoot's `E' option without twoside option is use
less on input line 11584.


Package Fancyhdr Warning: \fancyhead's `E' option without twoside option is use
less on input line 11584.


Package Fancyhdr Warning: \fancyfoot's `E' option without twoside option is use
less on input line 11961.

[33.0.17

] [34.0.17]

Package Fancyhdr Warning: \fancyfoot's `E' option without twoside option is use
less on input line 12048.


Package Fancyhdr Warning: \fancyhead's `E' option without twoside option is use
less on input line 12048.


Overfull \hbox (82.19943pt too wide) in paragraph at lines 12194--12194
 []\T1/pcr/m/n/9 ONE=$(uptime | sed -e "s/.*load average: \(.*\...\), \(.*\...\
), \(.*\...\)/\1/" -e "s/ //g")[] 
 []


Overfull \hbox (6.59952pt too wide) in paragraph at lines 12211--12211
 []\T1/pcr/m/n/9 PS1="[$(date +%H%M)][\u@\[\033[\$(echo -n \$HOST_COLOUR)m\]\h\
[\033[0m\]:\w]$ "[] 
 []


Package Fancyhdr Warning: \fancyfoot's `E' option without twoside option is use
less on input line 12245.

[35.0.17

] [36.0.17]

Package Fancyhdr Warning: \fancyfoot's `E' option without twoside option is use
less on input line 12332.


Package Fancyhdr Warning: \fancyhead's `E' option without twoside option is use
less on input line 12332.


Package Fancyhdr Warning: \fancyfoot's `E' option without twoside option is use
less on input line 12754.

[37.0.17

] [38.0.17] [39.0.17] [40.0.17] [41.0.17]
! Undefined control sequence.
\HeadingText ...g the Size and Appearance of \PWD 
                                                  
l.13847 \endHeadPar{}
                     \endSeq{}\Node%
The control sequence at the end of the top line
of your error message was never \def'ed. If you have
misspelled it (e.g., `\hobx'), type `I' and the correct
spelling (e.g., `I\hbox'). Otherwise just continue,
and I'll forget about whatever was undefined.

[42.0.17] [43.0.17]
Overfull \hbox (6.59952pt too wide) in paragraph at lines 14429--14429
 []\T1/pcr/m/n/9 ##############################################################
#################[] 
 []

[44.0.17]
Overfull \hbox (1.19952pt too wide) in paragraph at lines 14441--14441
 []\T1/pcr/m/n/9 #    MERCHANTABILITY or FITNESS FOR A PARTICULAR PURPOSE.  See
 the GNU General[] 
 []


Overfull \hbox (1.19952pt too wide) in paragraph at lines 14453--14453
 []\T1/pcr/m/n/9 #    its children, and if the CPU time is more than some user-
specified amount[] 
 []


Overfull \hbox (1.19952pt too wide) in paragraph at lines 14454--14454
 []\T1/pcr/m/n/9 #    then user-specified commands are executed.  The author us
es it to provide[] 
 []


Overfull \hbox (1.19952pt too wide) in paragraph at lines 14464--14464
 []\T1/pcr/m/n/9 #    The times file simply contains one or more times, zero or
 more to a line,[] 
 []


Overfull \hbox (1.19952pt too wide) in paragraph at lines 14484--14484
 []\T1/pcr/m/n/9 #    and this command is usually part of the bash PROMPT_COMMA
ND. The author's[] 
 []

[45.0.17]
Overfull \hbox (1.19952pt too wide) in paragraph at lines 14497--14497
 []\T1/pcr/m/n/9 #    from being executed in a subshell whose CPU times are alw
ays nearly zero.[] 
 []


Overfull \hbox (1.19952pt too wide) in paragraph at lines 14499--14499
 []\T1/pcr/m/n/9 ##############################################################
################[] 
 []

[46.0.17]

Package Fancyhdr Warning: \fancyfoot's `E' option without twoside option is use
less on input line 14618.


Package Fancyhdr Warning: \fancyhead's `E' option without twoside option is use
less on input line 14618.


Package Fancyhdr Warning: \fancyfoot's `E' option without twoside option is use
less on input line 14918.

[47.0.17

]
Overfull \hbox (11.99951pt too wide) in paragraph at lines 15065--15065
 []\T1/pcr/m/n/9 PS1="\[\033[31m\]\332\304\[\033[34m\](\[\033[31m\]\u\[\033[34m
\]@\[\033[31m\]\h\[] 
 []


Overfull \hbox (6.59952pt too wide) in paragraph at lines 15069--15069
 []\T1/pcr/m/n/9 \[\033[34m\]\372\n\[\033[31m\]\300\304\[\033[34m\](\[\033[31m\
]\W\[\033[34m\])\[] 
 []

[48.0.17]
Overfull \hbox (127.19379pt too wide) in paragraph at lines 15223--15223
 []\T1/pcr/m/n/9 TotalMeg=$(echo -e "scale=3 \nx=$TotalBytes/1048576\n if (x$\O
ML/cmm/m/it/9 <$\T1/pcr/m/n/9 1) {print \"0\"} \n print x \nquit" | bc)[] 
 []


Overfull \hbox (114.5994pt too wide) in paragraph at lines 15229--15229
 []\T1/pcr/m/n/9 local one=$(uptime | sed -e "s/.*load average: \(.*\...\), \(.
*\...\), \(.*\...\)/\1/" -e "s/ //g")[] 
 []


Overfull \hbox (130.79938pt too wide) in paragraph at lines 15230--15230
 []\T1/pcr/m/n/9 local five=$(uptime | sed -e "s/.*load average: \(.*\...\), \(
.*\...\), \(.*\...\).*/\2/" -e "s/ //g")[] 
 []


Overfull \hbox (321.59357pt too wide) in paragraph at lines 15231--15231
 []\T1/pcr/m/n/9 local diff1_5=$(echo -e "scale = scale ($one) \nx=$one - $five
\n if (x$\OML/cmm/m/it/9 >$\T1/pcr/m/n/9 0) {print \"up\"} else {print \"down\"
}\n print x \nquit \n" | bc)[] 
 []

[49.0.17] [50.0.17] [51.0.17] [52.0.17]
Overfull \hbox (373.7991pt too wide) in paragraph at lines 15563--15563
 [] \T1/pcr/m/n/9 fill="-------------------------------------------------------
-------------------------------------------------------------------------------
-----"[] 
 []

[53.0.17] [54.0.17] [55.0.17]
Overfull \hbox (1.19952pt too wide) in paragraph at lines 15965--15965
 []\T1/pcr/m/n/9 echo -en "$LIGHT_BLUE($YELLOW$(date +%H%M)$LIGHT_BLUE)\304$YEL
LOW\304\304\277"[] 
 []

[56.0.17] [57.0.17]

Package Fancyhdr Warning: \fancyfoot's `E' option without twoside option is use
less on input line 16102.


Package Fancyhdr Warning: \fancyhead's `E' option without twoside option is use
less on input line 16102.


Package Fancyhdr Warning: \fancyfoot's `E' option without twoside option is use
less on input line 16426.

[58.0.17

] [59.0.17] [60.0.17] [61.0.17] [62.0.17] [63.0.17pdfTeX warning (ext4): destin
ation with the same identifier (name{0:970}) has been already used, duplicate i
gnored

\AtBegShi@Output ...ipout \box \AtBeginShipoutBox 
                                                  \fi \fi 
l.17865 ...  Free Documentation License".\endPar{}
                                                  \endNode{}\endPar{}\endSeq...
] [64.0.17]
Package atveryend Info: Empty hook `BeforeClearDocument' on input line 17904.
Package atveryend Info: Empty hook `AfterLastShipout' on input line 17904.
 (./Bash-Prompt-HOWTO.aux)
Package atveryend Info: Executing hook `AtVeryEndDocument' on input line 17904.

Package atveryend Info: Executing hook `AtEndAfterFileList' on input line 17904
.


Package rerunfilecheck Warning: File `Bash-Prompt-HOWTO.out' has changed.
(rerunfilecheck)                Rerun to get outlines right
(rerunfilecheck)                or use package `bookmark'.

Package rerunfilecheck Info: Checksums for `Bash-Prompt-HOWTO.out':
(rerunfilecheck)             Before: <no file>
(rerunfilecheck)             After:  3223EA23327BF408FFEE838B31C6BEAE;5943.

LaTeX Warning: There were undefined references.

Package atveryend Info: Empty hook `AtVeryVeryEnd' on input line 17904.
 ) 
Here is how much of TeX's memory you used:
 3348 strings out of 481692
 29420 string characters out of 6029186
 234868 words of memory out of 5000000
 18701 multiletter control sequences out of 15000+600000
 50415 words of font info for 84 fonts, out of 8000000 for 9000
 59 hyphenation exceptions out of 8191
 29i,11n,43p,449b,940s stack positions out of 5000i,500n,10000p,200000b,80000s
{/usr/share/texlive/texmf-dist/fonts/enc/dvips/base/8r.enc}</usr/share/texliv
e/texmf-dist/fonts/type1/public/amsfonts/cm/cmmi10.pfb></usr/share/texlive/texm
f-dist/fonts/type1/public/amsfonts/cm/cmmi9.pfb></usr/share/texlive/texmf-dist/
fonts/type1/urw/courier/ucrb8a.pfb></usr/share/texlive/texmf-dist/fonts/type1/u
rw/courier/ucrr8a.pfb></usr/share/texlive/texmf-dist/fonts/type1/urw/helvetic/u
hvb8a.pfb></usr/share/texlive/texmf-dist/fonts/type1/urw/helvetic/uhvr8a.pfb></
usr/share/texlive/texmf-dist/fonts/type1/urw/times/utmb8a.pfb></usr/share/texli
ve/texmf-dist/fonts/type1/urw/times/utmr8a.pfb></usr/share/texlive/texmf-dist/f
onts/type1/urw/times/utmri8a.pfb></usr/share/texlive/texmf-dist/fonts/type1/urw
/zapfding/uzdr.pfb>
Output written on Bash-Prompt-HOWTO.pdf (68 pages, 265875 bytes).
PDF statistics:
 1574 PDF objects out of 1728 (max. 8388607)
 1479 compressed objects within 15 object streams
 931 named destinations out of 1000 (max. 500000)
 1 words of extra memory for PDF output out of 10000 (max. 10000000)

