This is pdfTeX, Version 3.14159265-2.6-1.40.18 (TeX Live 2017/Debian) (preloaded format=pdfjadetex 2020.8.15)  23 AUG 2020 09:51
entering extended mode
 restricted \write18 enabled.
 %&-line parsing enabled.
**lkmpg-2.4.tex
(./lkmpg-2.4.tex
JadeTeX 2003/04/27: 3.13
LaTeX Font Info:    Try loading font information for T1+ptm on input line 1.
(/usr/share/texlive/texmf-dist/tex/latex/psnfss/t1ptm.fd
File: t1ptm.fd 2001/06/04 font definitions for T1/ptm.
)
Elements will be labelled
Jade begin document sequence at 20
No file lkmpg-2.4.aux.
\openout1 = `lkmpg-2.4.aux'.

LaTeX Font Info:    Checking defaults for OML/cmm/m/it on input line 20.
LaTeX Font Info:    ... okay on input line 20.
LaTeX Font Info:    Checking defaults for T1/cmr/m/n on input line 20.
LaTeX Font Info:    ... okay on input line 20.
LaTeX Font Info:    Checking defaults for OT1/cmr/m/n on input line 20.
LaTeX Font Info:    ... okay on input line 20.
LaTeX Font Info:    Checking defaults for OMS/cmsy/m/n on input line 20.
LaTeX Font Info:    ... okay on input line 20.
LaTeX Font Info:    Checking defaults for OMX/cmex/m/n on input line 20.
LaTeX Font Info:    ... okay on input line 20.
LaTeX Font Info:    Checking defaults for U/cmr/m/n on input line 20.
LaTeX Font Info:    ... okay on input line 20.
LaTeX Font Info:    Checking defaults for PD1/pdf/m/n on input line 20.
LaTeX Font Info:    ... okay on input line 20.
LaTeX Font Info:    Checking defaults for T3/ptm/m/n on input line 20.
LaTeX Font Info:    Try loading font information for T3+ptm on input line 20.
(/usr/share/texmf/tex/latex/tipa/t3ptm.fd
File: t3ptm.fd 2001/12/31 TIPA font definitions
)
LaTeX Font Info:    ... okay on input line 20.
LaTeX Font Info:    Checking defaults for TS1/cmr/m/n on input line 20.
LaTeX Font Info:    Try loading font information for TS1+cmr on input line 20.

(/usr/share/texlive/texmf-dist/tex/latex/base/ts1cmr.fd
File: ts1cmr.fd 2014/09/29 v2.5h Standard LaTeX font definitions
)
LaTeX Font Info:    ... okay on input line 20.
LaTeX Font Info:    Checking defaults for LECO/omseco/m/n on input line 20.
LaTeX Font Info:    ... okay on input line 20.
LaTeX Font Info:    Checking defaults for LECX/omsecx/m/n on input line 20.
LaTeX Font Info:    ... okay on input line 20.
LaTeX Font Info:    Checking defaults for LECY/omsecy/m/n on input line 20.
LaTeX Font Info:    ... okay on input line 20.
LaTeX Font Info:    Checking defaults for LEGR/omsegr/m/n on input line 20.
LaTeX Font Info:    ... okay on input line 20.
LaTeX Font Info:    Checking defaults for LEHA/omseha/m/n on input line 20.
LaTeX Font Info:    ... okay on input line 20.
LaTeX Font Info:    Checking defaults for LEIP/omseip/m/n on input line 20.
LaTeX Font Info:    ... okay on input line 20.
LaTeX Font Info:    Checking defaults for LELA/omsela/m/n on input line 20.
LaTeX Font Info:    ... okay on input line 20.
LaTeX Font Info:    Checking defaults for LETI/omseti/m/n on input line 20.
LaTeX Font Info:    ... okay on input line 20.

(/usr/share/texlive/texmf-dist/tex/context/base/mkii/supp-pdf.mkii
[Loading MPS to PDF converter (version 2006.09.02).]
\scratchcounter=\count120
\scratchdimen=\dimen135
\scratchbox=\box62
\nofMPsegments=\count121
\nofMParguments=\count122
\everyMPshowfont=\toks23
\MPscratchCnt=\count123
\MPscratchDim=\dimen136
\MPnumerator=\count124
\makeMPintoPDFobject=\count125
\everyMPtoPDFconversion=\toks24
) (/usr/share/texlive/texmf-dist/tex/latex/oberdiek/epstopdf-base.sty
Package: epstopdf-base 2016/05/15 v2.6 Base part for package epstopdf

(/usr/share/texlive/texmf-dist/tex/latex/oberdiek/grfext.sty
Package: grfext 2016/05/16 v1.2 Manage graphics extensions (HO)
)
Package epstopdf-base Info: Redefining graphics rule for `.eps' on input line 4
38.
Package grfext Info: Graphics extension search list:
(grfext)             [.pdf,.png,.jpg,.mps,.jpeg,.jbig2,.jb2,.PDF,.PNG,.JPG,.JPE
G,.JBIG2,.JB2,.eps]
(grfext)             \AppendGraphicsExtensions on input line 456.

(/usr/share/texlive/texmf-dist/tex/latex/latexconfig/epstopdf-sys.cfg
File: epstopdf-sys.cfg 2010/07/13 v1.3 Configuration of (r)epstopdf for TeX Liv
e
))
\AtBeginShipoutBox=\box63
Package hyperref Info: Link coloring ON on input line 20.

(/usr/share/texlive/texmf-dist/tex/latex/hyperref/nameref.sty
Package: nameref 2016/05/21 v2.44 Cross-referencing by name of section

(/usr/share/texlive/texmf-dist/tex/generic/oberdiek/gettitlestring.sty
Package: gettitlestring 2016/05/16 v1.5 Cleanup title references (HO)
)
\c@section@level=\count126
)
LaTeX Info: Redefining \ref on input line 20.
LaTeX Info: Redefining \pageref on input line 20.
LaTeX Info: Redefining \nameref on input line 20.
\@outlinefile=\write3
\openout3 = `lkmpg-2.4.out'.

LaTeX Font Info:    Try loading font information for T1+phv on input line 100.

(/usr/share/texlive/texmf-dist/tex/latex/psnfss/t1phv.fd
File: t1phv.fd 2001/06/04 scalable font definitions for T1/phv.
)
LaTeX Font Info:    Font shape `T1/phv/bx/n' in size <24.883> not available
(Font)              Font shape `T1/phv/b/n' tried instead on input line 100.
LaTeX Font Info:    Font shape `T1/phv/bx/n' in size <12> not available
(Font)              Font shape `T1/phv/b/n' tried instead on input line 119.
 [1.0.17{/var/lib/texmf/fonts/map/pdftex/updmap/pdftex.map}]
LaTeX Font Info:    Font shape `T1/phv/bx/n' in size <10> not available
(Font)              Font shape `T1/phv/b/n' tried instead on input line 146.
LaTeX Font Info:    Try loading font information for TS1+ptm on input line 182.


(/usr/share/texlive/texmf-dist/tex/latex/psnfss/ts1ptm.fd
File: ts1ptm.fd 2001/06/04 font definitions for TS1/ptm.
)
LaTeX Font Info:    Try loading font information for T1+pcr on input line 252.

(/usr/share/texlive/texmf-dist/tex/latex/psnfss/t1pcr.fd
File: t1pcr.fd 2001/06/04 font definitions for T1/pcr.
) [2.0.17]

Package Fancyhdr Warning: \fancyfoot's `E' option without twoside option is use
less on input line 340.

LaTeX Font Info:    Font shape `T1/phv/bx/n' in size <20.736> not available
(Font)              Font shape `T1/phv/b/n' tried instead on input line 361.
LaTeX Font Info:    Font shape `T1/ptm/bx/n' in size <10> not available
(Font)              Font shape `T1/ptm/b/n' tried instead on input line 379.

LaTeX Warning: Reference `0:22' on page iii undefined on input line 395.


LaTeX Warning: Reference `0:24' on page iii undefined on input line 421.


LaTeX Warning: Reference `0:33' on page iii undefined on input line 446.


LaTeX Warning: Reference `0:36' on page iii undefined on input line 471.


LaTeX Warning: Reference `0:41' on page iii undefined on input line 505.


LaTeX Warning: Reference `0:43' on page iii undefined on input line 531.


LaTeX Warning: Reference `0:47' on page iii undefined on input line 556.


LaTeX Warning: Reference `0:125' on page iii undefined on input line 582.


LaTeX Warning: Reference `0:145' on page iii undefined on input line 616.


LaTeX Warning: Reference `0:147' on page iii undefined on input line 642.


LaTeX Warning: Reference `0:INTRODUCINGPRINTK' on page iii undefined on input l
ine 673.


LaTeX Warning: Reference `0:206' on page iii undefined on input line 698.


LaTeX Warning: Reference `0:HELLO2' on page iii undefined on input line 723.


LaTeX Warning: Reference `0:279' on page iii undefined on input line 758.


LaTeX Warning: Reference `0:319' on page iii undefined on input line 783.


LaTeX Warning: Reference `0:352' on page iii undefined on input line 808.


LaTeX Warning: Reference `0:383' on page iii undefined on input line 833.


LaTeX Warning: Reference `0:433' on page iii undefined on input line 867.


LaTeX Warning: Reference `0:435' on page iii undefined on input line 893.


LaTeX Warning: Reference `0:437' on page iii undefined on input line 919.


LaTeX Warning: Reference `0:449' on page iii undefined on input line 944.


LaTeX Warning: Reference `0:486' on page iii undefined on input line 969.


LaTeX Warning: Reference `0:491' on page iii undefined on input line 994.


LaTeX Warning: Reference `0:508' on page iii undefined on input line 1019.


LaTeX Warning: Reference `0:530' on page iii undefined on input line 1044.


LaTeX Warning: Reference `0:575' on page iii undefined on input line 1078.


LaTeX Warning: Reference `0:577' on page iii undefined on input line 1104.


LaTeX Warning: Reference `0:582' on page iii undefined on input line 1134.


LaTeX Warning: Reference `0:607' on page iii undefined on input line 1163.


LaTeX Warning: Reference `0:629' on page iii undefined on input line 1188.


LaTeX Warning: Reference `0:659' on page iii undefined on input line 1213.


LaTeX Warning: Reference `0:691' on page iii undefined on input line 1238.


LaTeX Warning: Reference `0:701' on page iii undefined on input line 1263.


LaTeX Warning: Reference `0:720' on page iii undefined on input line 1297.


LaTeX Warning: Reference `0:722' on page iii undefined on input line 1323.


LaTeX Warning: Reference `0:766' on page iii undefined on input line 1357.


LaTeX Warning: Reference `0:768' on page iii undefined on input line 1383.


LaTeX Warning: Reference `0:852' on page iii undefined on input line 1417.


LaTeX Warning: Reference `0:854' on page iii undefined on input line 1443.


LaTeX Warning: Reference `0:935' on page iii undefined on input line 1477.


LaTeX Warning: Reference `0:937' on page iii undefined on input line 1503.


LaTeX Warning: Reference `0:1010' on page iii undefined on input line 1537.


LaTeX Warning: Reference `0:1012' on page iii undefined on input line 1563.


LaTeX Warning: Reference `0:1019' on page iii undefined on input line 1594.


Package Fancyhdr Warning: \fancyfoot's `E' option without twoside option is use
less on input line 1610.

[3.0.17

]

LaTeX Warning: Reference `0:1113' on page iv undefined on input line 1628.


LaTeX Warning: Reference `0:1115' on page iv undefined on input line 1659.


LaTeX Warning: Reference `0:1147' on page iv undefined on input line 1693.


LaTeX Warning: Reference `0:1149' on page iv undefined on input line 1719.


LaTeX Warning: Reference `0:INTERRUPTHANDLERS' on page iv undefined on input li
ne 1753.


LaTeX Warning: Reference `0:1208' on page iv undefined on input line 1779.


LaTeX Warning: Reference `0:1215' on page iv undefined on input line 1805.


LaTeX Warning: Reference `0:KEYBOARD' on page iv undefined on input line 1830.


LaTeX Warning: Reference `0:1291' on page iv undefined on input line 1864.


LaTeX Warning: Reference `0:1293' on page iv undefined on input line 1890.


LaTeX Warning: Reference `0:1317' on page iv undefined on input line 1924.


LaTeX Warning: Reference `0:1319' on page iv undefined on input line 1950.


LaTeX Warning: Reference `0:1354' on page iv undefined on input line 1984.


LaTeX Warning: Reference `0:1356' on page iv undefined on input line 2010.


LaTeX Warning: Reference `0:1363' on page iv undefined on input line 2036.


LaTeX Warning: Reference `0:1483' on page iv undefined on input line 2070.


LaTeX Warning: Reference `0:1485' on page iv undefined on input line 2096.


LaTeX Warning: Reference `0:DOC-INDEX' on page iv undefined on input line 2128.


[4.0.17]

Package Fancyhdr Warning: \fancyfoot's `E' option without twoside option is use
less on input line 2197.


LaTeX Warning: Reference `0:154' on page v undefined on input line 2245.


LaTeX Warning: Reference `0:244' on page v undefined on input line 2270.


LaTeX Warning: Reference `0:270' on page v undefined on input line 2295.


LaTeX Warning: Reference `0:274' on page v undefined on input line 2320.


LaTeX Warning: Reference `0:309' on page v undefined on input line 2345.


LaTeX Warning: Reference `0:349' on page v undefined on input line 2370.


LaTeX Warning: Reference `0:378' on page v undefined on input line 2395.


LaTeX Warning: Reference `0:419' on page v undefined on input line 2420.


LaTeX Warning: Reference `0:426' on page v undefined on input line 2445.


LaTeX Warning: Reference `0:430' on page v undefined on input line 2470.


LaTeX Warning: Reference `0:698' on page v undefined on input line 2495.


LaTeX Warning: Reference `0:715' on page v undefined on input line 2520.


LaTeX Warning: Reference `0:763' on page v undefined on input line 2545.


LaTeX Warning: Reference `0:849' on page v undefined on input line 2570.


LaTeX Warning: Reference `0:913' on page v undefined on input line 2595.


LaTeX Warning: Reference `0:920' on page v undefined on input line 2620.


LaTeX Warning: Reference `0:932' on page v undefined on input line 2645.


LaTeX Warning: Reference `0:1007' on page v undefined on input line 2670.


LaTeX Warning: Reference `0:1110' on page v undefined on input line 2695.


LaTeX Warning: Reference `0:1144' on page v undefined on input line 2720.


LaTeX Warning: Reference `0:1203' on page v undefined on input line 2745.


LaTeX Warning: Reference `0:1288' on page v undefined on input line 2770.


Package Fancyhdr Warning: \fancyfoot's `E' option without twoside option is use
less on input line 2770.

[5.0.17

]

Package Fancyhdr Warning: \fancyfoot's `E' option without twoside option is use
less on input line 2859.


Package Fancyhdr Warning: \fancyhead's `E' option without twoside option is use
less on input line 2859.

LaTeX Font Info:    Font shape `T1/phv/bx/it' in size <17.28> not available
(Font)              Font shape `T1/phv/b/it' tried instead on input line 2903.
LaTeX Font Info:    Font shape `T1/phv/b/it' in size <17.28> not available
(Font)              Font shape `T1/phv/b/sl' tried instead on input line 2903.
LaTeX Font Info:    Font shape `T1/phv/bx/n' in size <17.28> not available
(Font)              Font shape `T1/phv/b/n' tried instead on input line 2942.

Package Fancyhdr Warning: \fancyfoot's `E' option without twoside option is use
less on input line 3183.

[6.0.17

] [7.0.17]

Package Fancyhdr Warning: \fancyfoot's `E' option without twoside option is use
less on input line 3294.


Package Fancyhdr Warning: \fancyhead's `E' option without twoside option is use
less on input line 3294.


Package Fancyhdr Warning: \fancyfoot's `E' option without twoside option is use
less on input line 3731.

pdfTeX warning (ext4): destination with the same identifier (name{page.1}) has 
been already used, duplicate ignored
<to be read again> 
                   \relax 
l.3731 ...dule, you'd have to either run:\endPar{}
                                                  \endNode{}\Node% [1.0.17

]
LaTeX Font Info:    Font shape `T1/phv/bx/n' in size <14.4> not available
(Font)              Font shape `T1/phv/b/n' tried instead on input line 4021.
pdfTeX warning (ext4): destination with the same identifier (name{page.2}) has 
been already used, duplicate ignored
<to be read again> 
                   \relax 
l.4047 ^^I^^I^^Ithereafter.\endPar{}
                                    \endNode{}\Node% [2.0.17] [3.0.17] [4.0.17]

Package Fancyhdr Warning: \fancyfoot's `E' option without twoside option is use
less on input line 4473.


Package Fancyhdr Warning: \fancyhead's `E' option without twoside option is use
less on input line 4473.


Package Fancyhdr Warning: \fancyfoot's `E' option without twoside option is use
less on input line 4726.

[5.0.17

]
LaTeX Font Info:    Font shape `T1/pcr/bx/n' in size <12.96> not available
(Font)              Font shape `T1/pcr/b/n' tried instead on input line 4841.
LaTeX Font Info:    Try loading font information for U+msa on input line 4885.
 (/usr/share/texlive/texmf-dist/tex/latex/amsfonts/umsa.fd
File: umsa.fd 2013/01/14 v3.01 AMS symbols A
)
LaTeX Font Info:    Try loading font information for U+msb on input line 4885.

(/usr/share/texlive/texmf-dist/tex/latex/amsfonts/umsb.fd
File: umsb.fd 2013/01/14 v3.01 AMS symbols B
)
LaTeX Font Info:    Try loading font information for U+wasy on input line 4885.


(/usr/share/texlive/texmf-dist/tex/latex/wasysym/uwasy.fd
File: uwasy.fd 2003/10/30 v2.0 Wasy-2 symbol font definitions
)
LaTeX Font Info:    Try loading font information for U+stmry on input line 4885
.

(/usr/share/texlive/texmf-dist/tex/latex/stmaryrd/Ustmry.fd) [6.0.17] [7.0.17]
Overfull \hbox (44.39948pt too wide) in paragraph at lines 5574--5574
 []\T1/pcr/m/n/9 /*  hello-2.c - Demonstrating the module_init() and module_exi
t() macros.  This is the 
 []

[8.0.17]
LaTeX Font Info:    Font shape `T1/pcr/bx/n' in size <15.552> not available
(Font)              Font shape `T1/pcr/b/n' tried instead on input line 5747.


Package hyperref Warning: Token not allowed in a PDF string (PDFDocEncoding):
(hyperref)                removing `subscript' on input line 5754.


Package hyperref Warning: Token not allowed in a PDF string (PDFDocEncoding):
(hyperref)                removing `subscript' on input line 5754.


Package hyperref Warning: Token not allowed in a PDF string (PDFDocEncoding):
(hyperref)                removing `subscript' on input line 5754.


Package hyperref Warning: Token not allowed in a PDF string (PDFDocEncoding):
(hyperref)                removing `subscript' on input line 5754.

[9.0.17] [10.0.17]
Overfull \hbox (28.1995pt too wide) in paragraph at lines 6113--6113
 []  \T1/pcr/m/n/9 See http://www.tux.org/lkml/#export-tainted for information 
about tainted modules[] 
 []

[11.0.17]
Overfull \hbox (44.39948pt too wide) in paragraph at lines 6303--6303
 []\T1/pcr/m/n/9 MODULE_LICENSE("GPL");           // Get rid of taint message b
y declaring code as GPL.[] 
 []


Overfull \hbox (60.59946pt too wide) in paragraph at lines 6310--6310
 []\T1/pcr/m/n/9 /*  This module uses /dev/testdevice.  The MODULE_SUPPORTED_DE
VICE macro might be used in[] 
 []


Overfull \hbox (55.19946pt too wide) in paragraph at lines 6311--6311
 [] \T1/pcr/m/n/9 *  the future to help automatic configuration of modules, but
 is currently unused other[] 
 []

[12.0.17]
Overfull \hbox (11.99951pt too wide) in paragraph at lines 6635--6635
 []\T1/pcr/m/n/9 // These global variables can be set with command line argumen
ts when you insmod[] 
 []

[13.0.17]
Overfull \hbox (6.59952pt too wide) in paragraph at lines 6645--6645
 []\T1/pcr/m/n/9 /*  Now we're actually setting the mechanism up -- making the 
variables command[] 
 []


Overfull \hbox (11.99951pt too wide) in paragraph at lines 6657--6657
 []\T1/pcr/m/n/9 // You get the picture.  Always use a MODULE_PARM_DESC() for e
ach MODULE_PARM().[] 
 []


Overfull \hbox (11.99951pt too wide) in paragraph at lines 6667--6667
 []   \T1/pcr/m/n/9 printk(KERN_ALERT "myintArray is %i and %i\n", myintArray[0
], myintArray[1]);[] 
 []

[14.0.17] [15.0.17] [16.0.17] [17.0.17]

Package Fancyhdr Warning: \fancyfoot's `E' option without twoside option is use
less on input line 7269.


Package Fancyhdr Warning: \fancyhead's `E' option without twoside option is use
less on input line 7269.


Package Fancyhdr Warning: \fancyfoot's `E' option without twoside option is use
less on input line 7640.

[18.0.17

] [19.0.17] [20.0.17] [21.0.17] [22.0.17] [23.0.17]

Package Fancyhdr Warning: \fancyfoot's `E' option without twoside option is use
less on input line 8760.


Package Fancyhdr Warning: \fancyhead's `E' option without twoside option is use
less on input line 8760.


Package hyperref Warning: Token not allowed in a PDF string (PDFDocEncoding):
(hyperref)                removing `subscript' on input line 8898.


Overfull \hbox (17.3995pt too wide) in paragraph at lines 8982--8982
 []       \T1/pcr/m/n/9 int (*ioctl) (struct inode *, struct file *, unsigned i
nt, unsigned long);[] 
 []


Package Fancyhdr Warning: \fancyfoot's `E' option without twoside option is use
less on input line 9061.

[24.0.17

] [25.0.17] [26.0.17] [27.0.17] [28.0.17] [29.0.17]
Overfull \hbox (17.3995pt too wide) in paragraph at lines 10047--10047
 []         \T1/pcr/m/n/9 * assignment won't work.  We have to use put_user whi
ch copies data from[] 
 []

[30.0.17] [31.0.17]

Package Fancyhdr Warning: \fancyfoot's `E' option without twoside option is use
less on input line 10396.


Package Fancyhdr Warning: \fancyhead's `E' option without twoside option is use
less on input line 10396.


Package Fancyhdr Warning: \fancyfoot's `E' option without twoside option is use
less on input line 10700.

[32.0.17

] [33.0.17] [34.0.17]
Overfull \hbox (22.7995pt too wide) in paragraph at lines 10832--10832
 []    \T1/pcr/m/n/9 (struct file_operations *) procfile_read, /* The read func
tion for this file, [] 
 []


Overfull \hbox (6.59952pt too wide) in paragraph at lines 10857--10857
 [] \T1/pcr/m/n/9 Our_Proc_File=create_proc_read_entry("test", 0444, NULL, proc
file_read, NULL);[] 
 []

[35.0.17] [36.0.17]

Package Fancyhdr Warning: \fancyfoot's `E' option without twoside option is use
less on input line 11014.


Package Fancyhdr Warning: \fancyhead's `E' option without twoside option is use
less on input line 11014.


Package Fancyhdr Warning: \fancyfoot's `E' option without twoside option is use
less on input line 11380.

[37.0.17

] [38.0.17] [39.0.17] [40.0.17] [41.0.17] [42.0.17] [43.0.17]

Package Fancyhdr Warning: \fancyfoot's `E' option without twoside option is use
less on input line 11854.


Package Fancyhdr Warning: \fancyhead's `E' option without twoside option is use
less on input line 11854.

)
Runaway definition?
->7.1. Talking to Device Files (writes and IOCTLs)\}\endHeadPar {}\endSeq \ETC.
! File ended while scanning definition of \HeadingText.
<inserted text> 
                }
<*> lkmpg-2.4.tex
                 
I suspect you have forgotten a `}', causing me
to read past where you wanted me to stop.
I'll try to recover; but if the error is serious,
you'd better type `E' or `X' now and fix your file.

! Emergency stop.
<*> lkmpg-2.4.tex
                 
*** (job aborted, no legal \end found)

 
Here is how much of TeX's memory you used:
 2884 strings out of 481692
 26143 string characters out of 6029186
 367472 words of memory out of 5000000
 18435 multiletter control sequences out of 15000+600000
 50051 words of font info for 86 fonts, out of 8000000 for 9000
 59 hyphenation exceptions out of 8191
 29i,11n,43p,308b,1310s stack positions out of 5000i,500n,10000p,200000b,80000s
!  ==> Fatal error occurred, no output PDF file produced!
