This is pdfTeX, Version 3.14159265-2.6-1.40.18 (TeX Live 2017/Debian) (preloaded format=pdfjadetex 2020.8.15)  23 AUG 2020 10:01
entering extended mode
 restricted \write18 enabled.
 %&-line parsing enabled.
**DocBook-Install.tex
(./DocBook-Install.tex
JadeTeX 2003/04/27: 3.13
LaTeX Font Info:    Try loading font information for T1+ptm on input line 1.
(/usr/share/texlive/texmf-dist/tex/latex/psnfss/t1ptm.fd
File: t1ptm.fd 2001/06/04 font definitions for T1/ptm.
)
Elements will be labelled
Jade begin document sequence at 20
No file DocBook-Install.aux.
\openout1 = `DocBook-Install.aux'.

LaTeX Font Info:    Checking defaults for OML/cmm/m/it on input line 20.
LaTeX Font Info:    ... okay on input line 20.
LaTeX Font Info:    Checking defaults for T1/cmr/m/n on input line 20.
LaTeX Font Info:    ... okay on input line 20.
LaTeX Font Info:    Checking defaults for OT1/cmr/m/n on input line 20.
LaTeX Font Info:    ... okay on input line 20.
LaTeX Font Info:    Checking defaults for OMS/cmsy/m/n on input line 20.
LaTeX Font Info:    ... okay on input line 20.
LaTeX Font Info:    Checking defaults for OMX/cmex/m/n on input line 20.
LaTeX Font Info:    ... okay on input line 20.
LaTeX Font Info:    Checking defaults for U/cmr/m/n on input line 20.
LaTeX Font Info:    ... okay on input line 20.
LaTeX Font Info:    Checking defaults for PD1/pdf/m/n on input line 20.
LaTeX Font Info:    ... okay on input line 20.
LaTeX Font Info:    Checking defaults for T3/ptm/m/n on input line 20.
LaTeX Font Info:    Try loading font information for T3+ptm on input line 20.
(/usr/share/texmf/tex/latex/tipa/t3ptm.fd
File: t3ptm.fd 2001/12/31 TIPA font definitions
)
LaTeX Font Info:    ... okay on input line 20.
LaTeX Font Info:    Checking defaults for TS1/cmr/m/n on input line 20.
LaTeX Font Info:    Try loading font information for TS1+cmr on input line 20.

(/usr/share/texlive/texmf-dist/tex/latex/base/ts1cmr.fd
File: ts1cmr.fd 2014/09/29 v2.5h Standard LaTeX font definitions
)
LaTeX Font Info:    ... okay on input line 20.
LaTeX Font Info:    Checking defaults for LECO/omseco/m/n on input line 20.
LaTeX Font Info:    ... okay on input line 20.
LaTeX Font Info:    Checking defaults for LECX/omsecx/m/n on input line 20.
LaTeX Font Info:    ... okay on input line 20.
LaTeX Font Info:    Checking defaults for LECY/omsecy/m/n on input line 20.
LaTeX Font Info:    ... okay on input line 20.
LaTeX Font Info:    Checking defaults for LEGR/omsegr/m/n on input line 20.
LaTeX Font Info:    ... okay on input line 20.
LaTeX Font Info:    Checking defaults for LEHA/omseha/m/n on input line 20.
LaTeX Font Info:    ... okay on input line 20.
LaTeX Font Info:    Checking defaults for LEIP/omseip/m/n on input line 20.
LaTeX Font Info:    ... okay on input line 20.
LaTeX Font Info:    Checking defaults for LELA/omsela/m/n on input line 20.
LaTeX Font Info:    ... okay on input line 20.
LaTeX Font Info:    Checking defaults for LETI/omseti/m/n on input line 20.
LaTeX Font Info:    ... okay on input line 20.

(/usr/share/texlive/texmf-dist/tex/context/base/mkii/supp-pdf.mkii
[Loading MPS to PDF converter (version 2006.09.02).]
\scratchcounter=\count120
\scratchdimen=\dimen135
\scratchbox=\box62
\nofMPsegments=\count121
\nofMParguments=\count122
\everyMPshowfont=\toks23
\MPscratchCnt=\count123
\MPscratchDim=\dimen136
\MPnumerator=\count124
\makeMPintoPDFobject=\count125
\everyMPtoPDFconversion=\toks24
) (/usr/share/texlive/texmf-dist/tex/latex/oberdiek/epstopdf-base.sty
Package: epstopdf-base 2016/05/15 v2.6 Base part for package epstopdf

(/usr/share/texlive/texmf-dist/tex/latex/oberdiek/grfext.sty
Package: grfext 2016/05/16 v1.2 Manage graphics extensions (HO)
)
Package epstopdf-base Info: Redefining graphics rule for `.eps' on input line 4
38.
Package grfext Info: Graphics extension search list:
(grfext)             [.pdf,.png,.jpg,.mps,.jpeg,.jbig2,.jb2,.PDF,.PNG,.JPG,.JPE
G,.JBIG2,.JB2,.eps]
(grfext)             \AppendGraphicsExtensions on input line 456.

(/usr/share/texlive/texmf-dist/tex/latex/latexconfig/epstopdf-sys.cfg
File: epstopdf-sys.cfg 2010/07/13 v1.3 Configuration of (r)epstopdf for TeX Liv
e
))
\AtBeginShipoutBox=\box63
Package hyperref Info: Link coloring ON on input line 20.

(/usr/share/texlive/texmf-dist/tex/latex/hyperref/nameref.sty
Package: nameref 2016/05/21 v2.44 Cross-referencing by name of section

(/usr/share/texlive/texmf-dist/tex/generic/oberdiek/gettitlestring.sty
Package: gettitlestring 2016/05/16 v1.5 Cleanup title references (HO)
)
\c@section@level=\count126
)
LaTeX Info: Redefining \ref on input line 20.
LaTeX Info: Redefining \pageref on input line 20.
LaTeX Info: Redefining \nameref on input line 20.
\@outlinefile=\write3
\openout3 = `DocBook-Install.out'.



Package Fancyhdr Warning: \fancyfoot's `E' option without twoside option is use
less on input line 109.


Package Fancyhdr Warning: \fancyhead's `E' option without twoside option is use
less on input line 109.

LaTeX Font Info:    Try loading font information for T1+phv on input line 126.
(/usr/share/texlive/texmf-dist/tex/latex/psnfss/t1phv.fd
File: t1phv.fd 2001/06/04 scalable font definitions for T1/phv.
)
LaTeX Font Info:    Font shape `T1/phv/bx/n' in size <24.883> not available
(Font)              Font shape `T1/phv/b/n' tried instead on input line 126.
LaTeX Font Info:    Font shape `T1/phv/bx/n' in size <17.28> not available
(Font)              Font shape `T1/phv/b/n' tried instead on input line 142.
LaTeX Font Info:    Font shape `T1/phv/bx/n' in size <12> not available
(Font)              Font shape `T1/phv/b/n' tried instead on input line 148.
LaTeX Font Info:    Font shape `T1/phv/bx/n' in size <14.4> not available
(Font)              Font shape `T1/phv/b/n' tried instead on input line 385.
LaTeX Font Info:    Try loading font information for T1+pcr on input line 532.

(/usr/share/texlive/texmf-dist/tex/latex/psnfss/t1pcr.fd
File: t1pcr.fd 2001/06/04 font definitions for T1/pcr.
)

Package Fancyhdr Warning: \fancyfoot's `E' option without twoside option is use
less on input line 568.

[1.0.17{/var/lib/texmf/fonts/map/pdftex/updmap/pdftex.map}]
LaTeX Font Info:    Font shape `T1/ptm/bx/n' in size <10> not available
(Font)              Font shape `T1/ptm/b/n' tried instead on input line 627.
LaTeX Font Info:    Try loading font information for U+msa on input line 808.

(/usr/share/texlive/texmf-dist/tex/latex/amsfonts/umsa.fd
File: umsa.fd 2013/01/14 v3.01 AMS symbols A
)
LaTeX Font Info:    Try loading font information for U+msb on input line 808.

(/usr/share/texlive/texmf-dist/tex/latex/amsfonts/umsb.fd
File: umsb.fd 2013/01/14 v3.01 AMS symbols B
)
LaTeX Font Info:    Try loading font information for U+wasy on input line 808.

(/usr/share/texlive/texmf-dist/tex/latex/wasysym/uwasy.fd
File: uwasy.fd 2003/10/30 v2.0 Wasy-2 symbol font definitions
)
LaTeX Font Info:    Try loading font information for U+stmry on input line 808.


(/usr/share/texlive/texmf-dist/tex/latex/stmaryrd/Ustmry.fd) [2.0.17]
LaTeX Font Info:    Try loading font information for TS1+ptm on input line 1235
.

(/usr/share/texlive/texmf-dist/tex/latex/psnfss/ts1ptm.fd
File: ts1ptm.fd 2001/06/04 font definitions for TS1/ptm.
) [3.0.17] [4.0.17]
[5.0.17] [6.0.17]
LaTeX Font Info:    Font shape `T1/phv/m/it' in size <10> not available
(Font)              Font shape `T1/phv/m/sl' tried instead on input line 2849.
 [7.0.17] [8.0.17] [9.0.17pdfTeX warning (ext4): destination with the same iden
tifier (name{0:295}) has been already used, duplicate ignored

\AtBegShi@Output ...ipout \box \AtBeginShipoutBox 
                                                  \fi \fi 
l.3583 ^^I\endPar{}
                   \endNode{}\Node%] [10.0.17]

Package hyperref Warning: Token not allowed in a PDF string (PDFDocEncoding):
(hyperref)                removing `subscript' on input line 4283.

[11.0.17]
LaTeX Font Info:    Font shape `T1/phv/bx/n' in size <9> not available
(Font)              Font shape `T1/phv/b/n' tried instead on input line 4409.
 [12.0.17]
! Undefined control sequence.
\HeadingText ->3.8. \SGML 
                          _CATALOG_FILES
l.4826 \endHeadPar{}
                    \endSeq{}\Node%
The control sequence at the end of the top line
of your error message was never \def'ed. If you have
misspelled it (e.g., `\hobx'), type `I' and the correct
spelling (e.g., `I\hbox'). Otherwise just continue,
and I'll forget about whatever was undefined.


Package hyperref Warning: Token not allowed in a PDF string (PDFDocEncoding):
(hyperref)                removing `subscript' on input line 4826.


Package hyperref Warning: Token not allowed in a PDF string (PDFDocEncoding):
(hyperref)                removing `subscript' on input line 4826.


Overfull \hbox (65.99945pt too wide) in paragraph at lines 4885--4885
 []\T1/pcr/m/n/9 ##############################################################
############################ 
 []

[13.0.17]
Overfull \hbox (44.39948pt too wide) in paragraph at lines 4898--4898
 []\T1/pcr/m/n/9 SGML_CATALOG_FILES=$SGML_CATALOG_FILES:$SGML_SHARE/stylesheets
/sgmltools/sgmltools.cat[] 
 []


Overfull \hbox (65.99945pt too wide) in paragraph at lines 4912--4912
 []\T1/pcr/m/n/9 ##############################################################
############################[] 
 []

LaTeX Font Info:    Font shape `T1/pcr/bx/n' in size <9> not available
(Font)              Font shape `T1/pcr/b/n' tried instead on input line 5056.
[14.0.17] [15.0.17]
LaTeX Font Info:    Font shape `T1/pcr/bx/n' in size <10.8> not available
(Font)              Font shape `T1/pcr/b/n' tried instead on input line 5268.

Overfull \hbox (1.19952pt too wide) in paragraph at lines 5342--5342
 []\T1/pcr/m/n/9 bash$ openjade -t sgml -d $SGML_SHARE/dsssl/docbook/html/docbo
ok.dsl test.sgml[] 
 []

[16.0.17]
Overfull \hbox (6.59952pt too wide) in paragraph at lines 5543--5543
 []\T1/pcr/m/n/9 bash$ openjade -t sgml -d $SGML_SHARE/dsssl/docbook/html/ldp.d
sl#html test.sgml 
 []

[17.0.17]
Overfull \hbox (11.99951pt too wide) in paragraph at lines 6039--6039
 []\T1/pcr/m/n/9 bash$ openjade -t rtf -d $SGML_SHARE/dsssl/docbook/print/ldp.d
sl#print test.sgml[] 
 []


Overfull \hbox (11.99951pt too wide) in paragraph at lines 6040--6040
 []\T1/pcr/m/n/9 bash$ openjade -t tex -d $SGML_SHARE/dsssl/docbook/print/ldp.d
sl#print test.sgml[] 
 []

[18.0.17] [19.0.17]
Overfull \hbox (1.19952pt too wide) in paragraph at lines 6328--6328
 []\T1/pcr/m/n/9 This is dvips(k) 5.86 Copyright 1999 Radical Eye Software (www
.radicaleye.com)[] 
 []


Overfull \hbox (55.19946pt too wide) in paragraph at lines 6420--6420
 []\T1/pcr/m/n/9 bash$ openjade -t sgml -V nochunks -d $DSL_HTML test.sgml | ht
mldoc -f test-htmldoc.ps -[] 
 []

[20.0.17]
Overfull \hbox (6.59952pt too wide) in paragraph at lines 6583--6583
 []\T1/pcr/m/n/9 (/usr/share/texmf/tex/latex/psnfss/t1phv.fd) [1.0.46[/usr/shar
e/texmf/dvips/con[] 
 []


Overfull \hbox (6.59952pt too wide) in paragraph at lines 6584--6584
 []\T1/pcr/m/n/9 fig/pdftex.map]] (/usr/share/texmf/tex/latex/psnfss/t1pcr.fd) 
[2.0.46] [3.0.46][] 
 []

[21.0.17] [22.0.17] [23.0.17] [24.0.17] [25.0.17]
Overfull \hbox (28.13235pt too wide) in paragraph at lines 7279--7279
 []$\OML/cmm/m/it/9 <$\T1/pcr/m/n/9 arg$\OML/cmm/m/it/9 >$$<$\T1/pcr/m/n/9 opti
on$\OML/cmm/m/it/9 >$\T1/pcr/m/n/9 -f $\OML/cmm/m/it/9 <$\T1/pcr/m/n/9 /option$
\OML/cmm/m/it/9 >$$<$\T1/pcr/m/n/9 replaceable class="parameter"$\OML/cmm/m/it/
9 >$\T1/pcr/m/n/9 bar$\OML/cmm/m/it/9 <$\T1/pcr/m/n/9 /replaceable$\OML/cmm/m/i
t/9 >$$<$\T1/pcr/m/n/9 /arg$\OML/cmm/m/it/9 >$[] 
 []


Overfull \hbox (11.93237pt too wide) in paragraph at lines 7280--7280
 []$\OML/cmm/m/it/9 <$\T1/pcr/m/n/9 arg$\OML/cmm/m/it/9 >$$<$\T1/pcr/m/n/9 opti
on$\OML/cmm/m/it/9 >$\T1/pcr/m/n/9 -d$\OML/cmm/m/it/9 <$\T1/pcr/m/n/9 replaceab
le class="parameter"$\OML/cmm/m/it/9 >$\T1/pcr/m/n/9 n$\OML/cmm/m/it/9 <$\T1/pc
r/m/n/9 /replaceable$\OML/cmm/m/it/9 >$$<$\T1/pcr/m/n/9 /option$\OML/cmm/m/it/9
 >$$<$\T1/pcr/m/n/9 /arg$\OML/cmm/m/it/9 >$[] 
 []

[26.0.17]
Overfull \hbox (1.19952pt too wide) in paragraph at lines 7442--7442
 []\T1/pcr/m/n/9 bash$ onsgmls foo-ref.sgml | sgmlspl $SGML_SHARE/docbook2X/doc
book2man-spec.pl[] 
 []

[27.0.17]
LaTeX Font Info:    Font shape `T1/phv/bx/n' in size <10> not available
(Font)              Font shape `T1/phv/b/n' tried instead on input line 7641.

Overfull \hbox (1.19998pt too wide) in alignment at lines 7619--7661
 [] [] 
 []


Overfull \hbox (1.19998pt too wide) in alignment at lines 7661--8009
 [] [] 
 []

[28.0.17]
LaTeX Font Info:    Font shape `T1/phv/bx/n' in size <20.736> not available
(Font)              Font shape `T1/phv/b/n' tried instead on input line 8146.
 [29.0.17] [30.0.17] [31.0.17] [32.0.17pdfTeX warning (ext4): destination with 
the same identifier (name{0:726}) has been already used, duplicate ignored

\AtBegShi@Output ...ipout \box \AtBeginShipoutBox 
                                                  \fi \fi 
l.9109 {0}}
           \Par%] [33.0.17] [34.0.17] [35.0.17] [36.0.17pdfTeX warning (ext4): 
destination with the same identifier (name{0:792}) has been already used, dupli
cate ignored

\AtBegShi@Output ...ipout \box \AtBeginShipoutBox 
                                                  \fi \fi 
l.10138 ...eq{}\endDisplayGroup{}\endNode{}\endSpS
                                                  {}\endSeq{}\endNode{}\endN...
]
Package atveryend Info: Empty hook `BeforeClearDocument' on input line 10138.
Package atveryend Info: Empty hook `AfterLastShipout' on input line 10138.
 (./DocBook-Install.aux)
Package atveryend Info: Executing hook `AtVeryEndDocument' on input line 10138.

Package atveryend Info: Executing hook `AtEndAfterFileList' on input line 10138
.


Package rerunfilecheck Warning: File `DocBook-Install.out' has changed.
(rerunfilecheck)                Rerun to get outlines right
(rerunfilecheck)                or use package `bookmark'.

Package rerunfilecheck Info: Checksums for `DocBook-Install.out':
(rerunfilecheck)             Before: <no file>
(rerunfilecheck)             After:  2FB79994A980E29240AAC051A4C76697;3474.
Package atveryend Info: Empty hook `AtVeryVeryEnd' on input line 10138.
 ) 
Here is how much of TeX's memory you used:
 2913 strings out of 481692
 26322 string characters out of 6029186
 236868 words of memory out of 5000000
 18451 multiletter control sequences out of 15000+600000
 64247 words of font info for 96 fonts, out of 8000000 for 9000
 59 hyphenation exceptions out of 8191
 29i,11n,42p,311b,1313s stack positions out of 5000i,500n,10000p,200000b,80000s
{/usr/share/texlive/texmf-dist/fonts/enc/dvips/base/8r.enc}</usr/share/texliv
e/texmf-dist/fonts/type1/public/amsfonts/cm/cmmi10.pfb></usr/share/texlive/texm
f-dist/fonts/type1/public/amsfonts/cm/cmmi9.pfb></usr/share/texlive/texmf-dist/
fonts/type1/urw/courier/ucrb8a.pfb></usr/share/texlive/texmf-dist/fonts/type1/u
rw/courier/ucrr8a.pfb></usr/share/texlive/texmf-dist/fonts/type1/urw/helvetic/u
hvb8a.pfb></usr/share/texlive/texmf-dist/fonts/type1/urw/helvetic/uhvr8a.pfb></
usr/share/texlive/texmf-dist/fonts/type1/urw/helvetic/uhvro8a.pfb></usr/share/t
exlive/texmf-dist/fonts/type1/urw/times/utmb8a.pfb></usr/share/texlive/texmf-di
st/fonts/type1/urw/times/utmr8a.pfb></usr/share/texlive/texmf-dist/fonts/type1/
urw/times/utmri8a.pfb>
Output written on DocBook-Install.pdf (36 pages, 193589 bytes).
PDF statistics:
 1062 PDF objects out of 1200 (max. 8388607)
 1003 compressed objects within 11 object streams
 740 named destinations out of 1000 (max. 500000)
 1 words of extra memory for PDF output out of 10000 (max. 10000000)

